<?xml version="1.0" encoding="UTF-8"?>
<!-- Generated by org.testng.reporters.JUnitReportReporter -->
<testsuite skipped="0" hostname="TL1086" name="testcases.TC_001" tests="1" failures="0" timestamp="2023-10-31T16:14:50 IST" time="12.889" errors="0">
  <testcase name="runTc_001" time="12.889" classname="testcases.TC_001"/>
  <system-out/>
</testsuite> <!-- testcases.TC_001 -->
